Using pre-set license
Built from '2022.3/staging' branch; Version is '2022.3.14f1 (eff2de9070d8) revision 15725278'; Using compiler version '192829333'; Build Type 'Release'
OS: 'Windows 10  (10.0.19045) 64bit Professional' Language: 'es' Physical Memory: 16330 MB
BatchMode: 1, IsHumanControllingUs: 0, StartBugReporterOnCrash: 0, Is64bit: 1, IsPro: 1

COMMAND LINE ARGUMENTS:
C:\Program Files\Unity\Hub\Editor\2022.3.14f1\Editor\Unity.exe
-adb2
-batchMode
-noUpm
-name
AssetImportWorker0
-projectPath
F:/UnityGames_Selfmade/2D_PortfolioGame
-logFile
Logs/AssetImportWorker0.log
-srvPort
59961
Successfully changed project path to: F:/UnityGames_Selfmade/2D_PortfolioGame
F:/UnityGames_Selfmade/2D_PortfolioGame
[UnityMemory] Configuration Parameters - Can be set up in boot.config
    "memorysetup-bucket-allocator-granularity=16"
    "memorysetup-bucket-allocator-bucket-count=8"
    "memorysetup-bucket-allocator-block-size=33554432"
    "memorysetup-bucket-allocator-block-count=8"
    "memorysetup-main-allocator-block-size=16777216"
    "memorysetup-thread-allocator-block-size=16777216"
    "memorysetup-gfx-main-allocator-block-size=16777216"
    "memorysetup-gfx-thread-allocator-block-size=16777216"
    "memorysetup-cache-allocator-block-size=4194304"
    "memorysetup-typetree-allocator-block-size=2097152"
    "memorysetup-profiler-bucket-allocator-granularity=16"
    "memorysetup-profiler-bucket-allocator-bucket-count=8"
    "memorysetup-profiler-bucket-allocator-block-size=33554432"
    "memorysetup-profiler-bucket-allocator-block-count=8"
    "memorysetup-profiler-allocator-block-size=16777216"
    "memorysetup-profiler-editor-allocator-block-size=1048576"
    "memorysetup-temp-allocator-size-main=16777216"
    "memorysetup-job-temp-allocator-block-size=2097152"
    "memorysetup-job-temp-allocator-block-size-background=1048576"
    "memorysetup-job-temp-allocator-reduction-small-platforms=262144"
    "memorysetup-allocator-temp-initial-block-size-main=262144"
    "memorysetup-allocator-temp-initial-block-size-worker=262144"
    "memorysetup-temp-allocator-size-background-worker=32768"
    "memorysetup-temp-allocator-size-job-worker=262144"
    "memorysetup-temp-allocator-size-preload-manager=33554432"
    "memorysetup-temp-allocator-size-nav-mesh-worker=65536"
    "memorysetup-temp-allocator-size-audio-worker=65536"
    "memorysetup-temp-allocator-size-cloud-worker=32768"
    "memorysetup-temp-allocator-size-gi-baking-worker=262144"
    "memorysetup-temp-allocator-size-gfx=262144"
Player connection [40196] Host "[IP] 192.168.1.139 [Port] 0 [Flags] 2 [Guid] 2580013859 [EditorId] 2580013859 [Version] 1048832 [Id] WindowsEditor(7,DESKTOP-60SMKIU) [Debug] 1 [PackageName] WindowsEditor [ProjectName] Editor" joined multi-casting on [225.0.0.222:54997]...

Player connection [40196] Host "[IP] 192.168.1.139 [Port] 0 [Flags] 2 [Guid] 2580013859 [EditorId] 2580013859 [Version] 1048832 [Id] WindowsEditor(7,DESKTOP-60SMKIU) [Debug] 1 [PackageName] WindowsEditor [ProjectName] Editor" joined alternative multi-casting on [225.0.0.222:34997]...

[Physics::Module] Initialized MultithreadedJobDispatcher with 7 workers.
Refreshing native plugins compatible for Editor in 37.63 ms, found 4 plugins.
Preloading 0 native plugins for Editor in 0.00 ms.
Initialize engine version: 2022.3.14f1 (eff2de9070d8)
[Subsystems] Discovering subsystems at path C:/Program Files/Unity/Hub/Editor/2022.3.14f1/Editor/Data/Resources/UnitySubsystems
[Subsystems] Discovering subsystems at path F:/UnityGames_Selfmade/2D_PortfolioGame/Assets
GfxDevice: creating device client; threaded=0; jobified=0
Direct3D:
    Version:  Direct3D 11.0 [level 11.1]
    Renderer: NVIDIA GeForce GTX 1660 Ti (ID=0x2182)
    Vendor:   NVIDIA
    VRAM:     5966 MB
    Driver:   32.0.15.6094
Initialize mono
Mono path[0] = 'C:/Program Files/Unity/Hub/Editor/2022.3.14f1/Editor/Data/Managed'
Mono path[1] = 'C:/Program Files/Unity/Hub/Editor/2022.3.14f1/Editor/Data/MonoBleedingEdge/lib/mono/unityjit-win32'
Mono config path = 'C:/Program Files/Unity/Hub/Editor/2022.3.14f1/Editor/Data/MonoBleedingEdge/etc'
Using monoOptions --debugger-agent=transport=dt_socket,embedding=1,server=y,suspend=n,address=127.0.0.1:56448
Begin MonoManager ReloadAssembly
Registering precompiled unity dll's ...
Register platform support module: C:/Program Files/Unity/Hub/Editor/2022.3.14f1/Editor/Data/PlaybackEngines/WebGLSupport/UnityEditor.WebGL.Extensions.dll
Register platform support module: C:/Program Files/Unity/Hub/Editor/2022.3.14f1/Editor/Data/PlaybackEngines/WindowsStandaloneSupport/UnityEditor.WindowsStandalone.Extensions.dll
Registered in 0.036205 seconds.
- Loaded All Assemblies, in  6.077 seconds
Native extension for WindowsStandalone target not found
Native extension for WebGL target not found
Mono: successfully reloaded assembly
- Finished resetting the current domain, in  0.554 seconds
Domain Reload Profiling: 6595ms
	BeginReloadAssembly (2041ms)
		ExecutionOrderSort (0ms)
		DisableScriptedObjects (0ms)
		BackupInstance (0ms)
		ReleaseScriptingObjects (0ms)
		CreateAndSetChildDomain (3ms)
	RebuildCommonClasses (261ms)
	RebuildNativeTypeToScriptingClass (89ms)
	initialDomainReloadingComplete (330ms)
	LoadAllAssembliesAndSetupDomain (3318ms)
		LoadAssemblies (2017ms)
		RebuildTransferFunctionScriptingTraits (0ms)
		AnalyzeDomain (3310ms)
			TypeCache.Refresh (3307ms)
				TypeCache.ScanAssembly (3279ms)
			ScanForSourceGeneratedMonoScriptInfo (1ms)
			ResolveRequiredComponents (1ms)
	FinalizeReload (555ms)
		ReleaseScriptCaches (0ms)
		RebuildScriptCaches (0ms)
		SetupLoadedEditorAssemblies (433ms)
			LogAssemblyErrors (0ms)
			InitializePlatformSupportModulesInManaged (33ms)
			SetLoadedEditorAssemblies (24ms)
			RefreshPlugins (0ms)
			BeforeProcessingInitializeOnLoad (6ms)
			ProcessInitializeOnLoadAttributes (275ms)
			ProcessInitializeOnLoadMethodAttributes (96ms)
			AfterProcessingInitializeOnLoad (0ms)
			EditorAssembliesLoaded (0ms)
		ExecutionOrderSort2 (0ms)
		AwakeInstancesAfterBackupRestoration (0ms)
========================================================================
Worker process is ready to serve import requests
Begin MonoManager ReloadAssembly
- Loaded All Assemblies, in  3.498 seconds
Refreshing native plugins compatible for Editor in 9.46 ms, found 4 plugins.
Native extension for WindowsStandalone target not found
Native extension for WebGL target not found
Package Manager log level set to [2]
[Package Manager] Server::EnsureServerProcessIsRunning -- launch failed, reason: Unity was launched with the -noUpm command-line argument
[Package Manager] UpmClient::Send -- Unable to send message (not connected to UPM process).
[Package Manager] Cannot connect to Unity Package Manager local server
Mono: successfully reloaded assembly
- Finished resetting the current domain, in  1.557 seconds
Domain Reload Profiling: 5020ms
	BeginReloadAssembly (1246ms)
		ExecutionOrderSort (0ms)
		DisableScriptedObjects (30ms)
		BackupInstance (0ms)
		ReleaseScriptingObjects (0ms)
		CreateAndSetChildDomain (170ms)
	RebuildCommonClasses (162ms)
	RebuildNativeTypeToScriptingClass (209ms)
	initialDomainReloadingComplete (432ms)
	LoadAllAssembliesAndSetupDomain (1413ms)
		LoadAssemblies (1288ms)
		RebuildTransferFunctionScriptingTraits (0ms)
		AnalyzeDomain (533ms)
			TypeCache.Refresh (461ms)
				TypeCache.ScanAssembly (425ms)
			ScanForSourceGeneratedMonoScriptInfo (58ms)
			ResolveRequiredComponents (12ms)
	FinalizeReload (1558ms)
		ReleaseScriptCaches (0ms)
		RebuildScriptCaches (0ms)
		SetupLoadedEditorAssemblies (1091ms)
			LogAssemblyErrors (0ms)
			InitializePlatformSupportModulesInManaged (18ms)
			SetLoadedEditorAssemblies (11ms)
			RefreshPlugins (0ms)
			BeforeProcessingInitializeOnLoad (187ms)
			ProcessInitializeOnLoadAttributes (766ms)
			ProcessInitializeOnLoadMethodAttributes (91ms)
			AfterProcessingInitializeOnLoad (19ms)
			EditorAssembliesLoaded (0ms)
		ExecutionOrderSort2 (0ms)
		AwakeInstancesAfterBackupRestoration (16ms)
Launched and connected shader compiler UnityShaderCompiler.exe after 0.10 seconds
Refreshing native plugins compatible for Editor in 10.79 ms, found 4 plugins.
Preloading 0 native plugins for Editor in 0.00 ms.
Unloading 4584 Unused Serialized files (Serialized files now loaded: 0)
Unloading 77 unused Assets / (200.9 KB). Loaded Objects now: 5044.
Memory consumption went from 159.5 MB to 159.3 MB.
Total: 5.848600 ms (FindLiveObjects: 0.496300 ms CreateObjectMapping: 0.226900 ms MarkObjects: 4.778900 ms  DeleteObjects: 0.345300 ms)

AssetImportParameters requested are different than current active one (requested -> active):
  custom:container-demuxer-ogg: 62fdf1f143b41e24485cea50d1cbac27 -> 
  custom:video-decoder-ogg-theora: a1e56fd34408186e4bbccfd4996cb3dc -> 
  custom:framework-win-MediaFoundation: 216162199b28c13a410421893ffa2e32 -> 
  custom:CustomObjectIndexerAttribute: 756ad292c208cfabdd7b50bc23989ffe -> 
  custom:container-demuxer-webm: 4f35f7cbe854078d1ac9338744f61a02 -> 
  custom:container-muxer-webm: aa71ff27fc2769a1b78a27578f13a17b -> 
  custom:video-decoder-webm-vp8: 9c59270c3fd7afecdb556c50c9e8de78 -> 
  custom:SearchIndexIgnoredProperties: e643bd26f0fe6173181afceb89e7c659 -> 
  custom:AudioImporter_EditorPlatform: d09bf68614088b80899f8185d706f6e7 -> 
  custom:video-encoder-webm-vp8: eb34c28f22e8b96e1ab97ce403110664 -> 
  custom:audio-decoder-ogg-vorbis: bf7c407c2cedff20999df2af8eb42d56 -> 
  custom:audio-encoder-webm-vorbis: bf7c407c2cedff20999df2af8eb42d56 -> 
  custom:scripting/precompiled-assembly-types:Assembly-CSharp: 2518b7042b697b69529d9972667cd693 -> ffca4bc7545d9a648663fb2a070f5577
  custom:scripting/monoscript/fileName/MenuManager.cs:  -> b2f6d629ac060edd8a279cb11b0e4cab
========================================================================
Received Prepare
Begin MonoManager ReloadAssembly
- Loaded All Assemblies, in  1.262 seconds
Refreshing native plugins compatible for Editor in 6.77 ms, found 4 plugins.
Native extension for WindowsStandalone target not found
Native extension for WebGL target not found
[Package Manager] Server::EnsureServerProcessIsRunning -- launch failed, reason: Unity was launched with the -noUpm command-line argument
[Package Manager] UpmClient::Send -- Unable to send message (not connected to UPM process).
[Package Manager] Cannot connect to Unity Package Manager local server
Mono: successfully reloaded assembly
- Finished resetting the current domain, in  2.034 seconds
Domain Reload Profiling: 3283ms
	BeginReloadAssembly (306ms)
		ExecutionOrderSort (0ms)
		DisableScriptedObjects (20ms)
		BackupInstance (0ms)
		ReleaseScriptingObjects (0ms)
		CreateAndSetChildDomain (77ms)
	RebuildCommonClasses (69ms)
	RebuildNativeTypeToScriptingClass (26ms)
	initialDomainReloadingComplete (60ms)
	LoadAllAssembliesAndSetupDomain (786ms)
		LoadAssemblies (919ms)
		RebuildTransferFunctionScriptingTraits (0ms)
		AnalyzeDomain (25ms)
			TypeCache.Refresh (10ms)
				TypeCache.ScanAssembly (0ms)
			ScanForSourceGeneratedMonoScriptInfo (0ms)
			ResolveRequiredComponents (13ms)
	FinalizeReload (2035ms)
		ReleaseScriptCaches (0ms)
		RebuildScriptCaches (0ms)
		SetupLoadedEditorAssemblies (831ms)
			LogAssemblyErrors (0ms)
			InitializePlatformSupportModulesInManaged (17ms)
			SetLoadedEditorAssemblies (6ms)
			RefreshPlugins (0ms)
			BeforeProcessingInitializeOnLoad (135ms)
			ProcessInitializeOnLoadAttributes (597ms)
			ProcessInitializeOnLoadMethodAttributes (57ms)
			AfterProcessingInitializeOnLoad (19ms)
			EditorAssembliesLoaded (0ms)
		ExecutionOrderSort2 (0ms)
		AwakeInstancesAfterBackupRestoration (24ms)
Refreshing native plugins compatible for Editor in 6.65 ms, found 4 plugins.
Preloading 0 native plugins for Editor in 0.00 ms.
Unloading 4564 Unused Serialized files (Serialized files now loaded: 0)
Unloading 43 unused Assets / (172.0 KB). Loaded Objects now: 5049.
Memory consumption went from 156.4 MB to 156.3 MB.
Total: 6.383200 ms (FindLiveObjects: 0.601300 ms CreateObjectMapping: 0.621800 ms MarkObjects: 4.872100 ms  DeleteObjects: 0.286700 ms)

Prepare: number of updated asset objects reloaded= 0
AssetImportParameters requested are different than current active one (requested -> active):
  custom:container-demuxer-ogg: 62fdf1f143b41e24485cea50d1cbac27 -> 
  custom:video-decoder-ogg-theora: a1e56fd34408186e4bbccfd4996cb3dc -> 
  custom:framework-win-MediaFoundation: 216162199b28c13a410421893ffa2e32 -> 
  custom:CustomObjectIndexerAttribute: 756ad292c208cfabdd7b50bc23989ffe -> 
  custom:container-demuxer-webm: 4f35f7cbe854078d1ac9338744f61a02 -> 
  custom:container-muxer-webm: aa71ff27fc2769a1b78a27578f13a17b -> 
  custom:video-decoder-webm-vp8: 9c59270c3fd7afecdb556c50c9e8de78 -> 
  custom:SearchIndexIgnoredProperties: e643bd26f0fe6173181afceb89e7c659 -> 
  custom:AudioImporter_EditorPlatform: d09bf68614088b80899f8185d706f6e7 -> 
  custom:video-encoder-webm-vp8: eb34c28f22e8b96e1ab97ce403110664 -> 
  custom:audio-decoder-ogg-vorbis: bf7c407c2cedff20999df2af8eb42d56 -> 
  custom:audio-encoder-webm-vorbis: bf7c407c2cedff20999df2af8eb42d56 -> 
========================================================================
Received Import Request.
  Time since last request: 55552.934936 seconds.
  path: Assets/Scripts/Managers/MenuManager.cs
  artifactKey: Guid(cf156ab202bb1584e8868ec68bd34aba) Importer(815301076,1909f56bfc062723c751e8b465ee728b)
Start importing Assets/Scripts/Managers/MenuManager.cs using Guid(cf156ab202bb1584e8868ec68bd34aba) Importer(815301076,1909f56bfc062723c751e8b465ee728b)  -> (artifact id: '00000000000000000000000000000000') in 0.004718 seconds
Import Error Code:(4)
Message: Build asset version error: assets/scripts/managers/menumanager.cs in SourceAssetDB has modification time of '2024-11-14T20:15:51.4874238Z' while content on disk has modification time of '2024-11-14T20:16:21.1910655Z'
  ERROR: Build asset version error: assets/scripts/managers/menumanager.cs in SourceAssetDB has modification time of '2024-11-14T20:15:51.4874238Z' while content on disk has modification time of '2024-11-14T20:16:21.1910655Z'
Number of updated asset objects reloaded before import = 0
Number of asset objects unloaded after import = 0
========================================================================
Received Import Request.
  Time since last request: 0.000265 seconds.
  path: Assets/Scripts/Managers/MenuManager.cs
  artifactKey: Guid(cf156ab202bb1584e8868ec68bd34aba) Importer(815301076,1909f56bfc062723c751e8b465ee728b)
Start importing Assets/Scripts/Managers/MenuManager.cs using Guid(cf156ab202bb1584e8868ec68bd34aba) Importer(815301076,1909f56bfc062723c751e8b465ee728b)  -> (artifact id: '00000000000000000000000000000000') in 0.000583 seconds
Import Error Code:(4)
Message: Build asset version error: assets/scripts/managers/menumanager.cs in SourceAssetDB has modification time of '2024-11-14T20:15:51.4874238Z' while content on disk has modification time of '2024-11-14T20:16:21.1910655Z'
  ERROR: Build asset version error: assets/scripts/managers/menumanager.cs in SourceAssetDB has modification time of '2024-11-14T20:15:51.4874238Z' while content on disk has modification time of '2024-11-14T20:16:21.1910655Z'
Number of updated asset objects reloaded before import = 0
Number of asset objects unloaded after import = 0
========================================================================
Received Import Request.
  Time since last request: 0.018405 seconds.
  path: Assets/Scripts/Managers/MenuManager.cs
  artifactKey: Guid(cf156ab202bb1584e8868ec68bd34aba) Importer(815301076,1909f56bfc062723c751e8b465ee728b)
Start importing Assets/Scripts/Managers/MenuManager.cs using Guid(cf156ab202bb1584e8868ec68bd34aba) Importer(815301076,1909f56bfc062723c751e8b465ee728b)  -> (artifact id: '00000000000000000000000000000000') in 0.000635 seconds
Import Error Code:(4)
Message: Build asset version error: assets/scripts/managers/menumanager.cs in SourceAssetDB has modification time of '2024-11-14T20:15:51.4874238Z' while content on disk has modification time of '2024-11-14T20:16:21.1910655Z'
  ERROR: Build asset version error: assets/scripts/managers/menumanager.cs in SourceAssetDB has modification time of '2024-11-14T20:15:51.4874238Z' while content on disk has modification time of '2024-11-14T20:16:21.1910655Z'
Number of updated asset objects reloaded before import = 0
Number of asset objects unloaded after import = 0
========================================================================
Received Import Request.
  Time since last request: 0.016092 seconds.
  path: Assets/Scripts/Managers/MenuManager.cs
  artifactKey: Guid(cf156ab202bb1584e8868ec68bd34aba) Importer(815301076,1909f56bfc062723c751e8b465ee728b)
Start importing Assets/Scripts/Managers/MenuManager.cs using Guid(cf156ab202bb1584e8868ec68bd34aba) Importer(815301076,1909f56bfc062723c751e8b465ee728b)  -> (artifact id: '00000000000000000000000000000000') in 0.000564 seconds
Import Error Code:(4)
Message: Build asset version error: assets/scripts/managers/menumanager.cs in SourceAssetDB has modification time of '2024-11-14T20:15:51.4874238Z' while content on disk has modification time of '2024-11-14T20:16:21.1910655Z'
  ERROR: Build asset version error: assets/scripts/managers/menumanager.cs in SourceAssetDB has modification time of '2024-11-14T20:15:51.4874238Z' while content on disk has modification time of '2024-11-14T20:16:21.1910655Z'
Number of updated asset objects reloaded before import = 0
Number of asset objects unloaded after import = 0
========================================================================
Received Import Request.
  Time since last request: 0.016101 seconds.
  path: Assets/Scripts/Managers/MenuManager.cs
  artifactKey: Guid(cf156ab202bb1584e8868ec68bd34aba) Importer(815301076,1909f56bfc062723c751e8b465ee728b)
Start importing Assets/Scripts/Managers/MenuManager.cs using Guid(cf156ab202bb1584e8868ec68bd34aba) Importer(815301076,1909f56bfc062723c751e8b465ee728b)  -> (artifact id: '00000000000000000000000000000000') in 0.000592 seconds
Import Error Code:(4)
Message: Build asset version error: assets/scripts/managers/menumanager.cs in SourceAssetDB has modification time of '2024-11-14T20:15:51.4874238Z' while content on disk has modification time of '2024-11-14T20:16:21.1910655Z'
  ERROR: Build asset version error: assets/scripts/managers/menumanager.cs in SourceAssetDB has modification time of '2024-11-14T20:15:51.4874238Z' while content on disk has modification time of '2024-11-14T20:16:21.1910655Z'
Number of updated asset objects reloaded before import = 0
Number of asset objects unloaded after import = 0
========================================================================
Received Import Request.
  Time since last request: 0.015364 seconds.
  path: Assets/Scripts/Managers/MenuManager.cs
  artifactKey: Guid(cf156ab202bb1584e8868ec68bd34aba) Importer(815301076,1909f56bfc062723c751e8b465ee728b)
Start importing Assets/Scripts/Managers/MenuManager.cs using Guid(cf156ab202bb1584e8868ec68bd34aba) Importer(815301076,1909f56bfc062723c751e8b465ee728b)  -> (artifact id: '00000000000000000000000000000000') in 0.000600 seconds
Import Error Code:(4)
Message: Build asset version error: assets/scripts/managers/menumanager.cs in SourceAssetDB has modification time of '2024-11-14T20:15:51.4874238Z' while content on disk has modification time of '2024-11-14T20:16:21.1910655Z'
  ERROR: Build asset version error: assets/scripts/managers/menumanager.cs in SourceAssetDB has modification time of '2024-11-14T20:15:51.4874238Z' while content on disk has modification time of '2024-11-14T20:16:21.1910655Z'
Number of updated asset objects reloaded before import = 0
Number of asset objects unloaded after import = 0
========================================================================
Received Import Request.
  Time since last request: 0.017249 seconds.
  path: Assets/Scripts/Managers/MenuManager.cs
  artifactKey: Guid(cf156ab202bb1584e8868ec68bd34aba) Importer(815301076,1909f56bfc062723c751e8b465ee728b)
Start importing Assets/Scripts/Managers/MenuManager.cs using Guid(cf156ab202bb1584e8868ec68bd34aba) Importer(815301076,1909f56bfc062723c751e8b465ee728b)  -> (artifact id: '00000000000000000000000000000000') in 0.000635 seconds
Import Error Code:(4)
Message: Build asset version error: assets/scripts/managers/menumanager.cs in SourceAssetDB has modification time of '2024-11-14T20:15:51.4874238Z' while content on disk has modification time of '2024-11-14T20:16:21.1910655Z'
  ERROR: Build asset version error: assets/scripts/managers/menumanager.cs in SourceAssetDB has modification time of '2024-11-14T20:15:51.4874238Z' while content on disk has modification time of '2024-11-14T20:16:21.1910655Z'
Number of updated asset objects reloaded before import = 0
Number of asset objects unloaded after import = 0
========================================================================
Received Import Request.
  Time since last request: 0.016044 seconds.
  path: Assets/Scripts/Managers/MenuManager.cs
  artifactKey: Guid(cf156ab202bb1584e8868ec68bd34aba) Importer(815301076,1909f56bfc062723c751e8b465ee728b)
Start importing Assets/Scripts/Managers/MenuManager.cs using Guid(cf156ab202bb1584e8868ec68bd34aba) Importer(815301076,1909f56bfc062723c751e8b465ee728b)  -> (artifact id: '00000000000000000000000000000000') in 0.000586 seconds
Import Error Code:(4)
Message: Build asset version error: assets/scripts/managers/menumanager.cs in SourceAssetDB has modification time of '2024-11-14T20:15:51.4874238Z' while content on disk has modification time of '2024-11-14T20:16:21.1910655Z'
  ERROR: Build asset version error: assets/scripts/managers/menumanager.cs in SourceAssetDB has modification time of '2024-11-14T20:15:51.4874238Z' while content on disk has modification time of '2024-11-14T20:16:21.1910655Z'
Number of updated asset objects reloaded before import = 0
Number of asset objects unloaded after import = 0
========================================================================
Received Import Request.
  Time since last request: 0.017287 seconds.
  path: Assets/Scripts/Managers/MenuManager.cs
  artifactKey: Guid(cf156ab202bb1584e8868ec68bd34aba) Importer(815301076,1909f56bfc062723c751e8b465ee728b)
Start importing Assets/Scripts/Managers/MenuManager.cs using Guid(cf156ab202bb1584e8868ec68bd34aba) Importer(815301076,1909f56bfc062723c751e8b465ee728b)  -> (artifact id: '00000000000000000000000000000000') in 0.000730 seconds
Import Error Code:(4)
Message: Build asset version error: assets/scripts/managers/menumanager.cs in SourceAssetDB has modification time of '2024-11-14T20:15:51.4874238Z' while content on disk has modification time of '2024-11-14T20:16:21.1910655Z'
  ERROR: Build asset version error: assets/scripts/managers/menumanager.cs in SourceAssetDB has modification time of '2024-11-14T20:15:51.4874238Z' while content on disk has modification time of '2024-11-14T20:16:21.1910655Z'
Number of updated asset objects reloaded before import = 0
Number of asset objects unloaded after import = 0
========================================================================
Received Import Request.
  Time since last request: 0.015693 seconds.
  path: Assets/Scripts/Managers/MenuManager.cs
  artifactKey: Guid(cf156ab202bb1584e8868ec68bd34aba) Importer(815301076,1909f56bfc062723c751e8b465ee728b)
Start importing Assets/Scripts/Managers/MenuManager.cs using Guid(cf156ab202bb1584e8868ec68bd34aba) Importer(815301076,1909f56bfc062723c751e8b465ee728b)  -> (artifact id: '00000000000000000000000000000000') in 0.000566 seconds
Import Error Code:(4)
Message: Build asset version error: assets/scripts/managers/menumanager.cs in SourceAssetDB has modification time of '2024-11-14T20:15:51.4874238Z' while content on disk has modification time of '2024-11-14T20:16:21.1910655Z'
  ERROR: Build asset version error: assets/scripts/managers/menumanager.cs in SourceAssetDB has modification time of '2024-11-14T20:15:51.4874238Z' while content on disk has modification time of '2024-11-14T20:16:21.1910655Z'
Number of updated asset objects reloaded before import = 0
Number of asset objects unloaded after import = 0
========================================================================
Received Import Request.
  Time since last request: 0.016274 seconds.
  path: Assets/Scripts/Managers/MenuManager.cs
  artifactKey: Guid(cf156ab202bb1584e8868ec68bd34aba) Importer(815301076,1909f56bfc062723c751e8b465ee728b)
Start importing Assets/Scripts/Managers/MenuManager.cs using Guid(cf156ab202bb1584e8868ec68bd34aba) Importer(815301076,1909f56bfc062723c751e8b465ee728b)  -> (artifact id: '00000000000000000000000000000000') in 0.000606 seconds
Import Error Code:(4)
Message: Build asset version error: assets/scripts/managers/menumanager.cs in SourceAssetDB has modification time of '2024-11-14T20:15:51.4874238Z' while content on disk has modification time of '2024-11-14T20:16:21.1910655Z'
  ERROR: Build asset version error: assets/scripts/managers/menumanager.cs in SourceAssetDB has modification time of '2024-11-14T20:15:51.4874238Z' while content on disk has modification time of '2024-11-14T20:16:21.1910655Z'
Number of updated asset objects reloaded before import = 0
Number of asset objects unloaded after import = 0
========================================================================
Received Import Request.
  Time since last request: 0.016067 seconds.
  path: Assets/Scripts/Managers/MenuManager.cs
  artifactKey: Guid(cf156ab202bb1584e8868ec68bd34aba) Importer(815301076,1909f56bfc062723c751e8b465ee728b)
Start importing Assets/Scripts/Managers/MenuManager.cs using Guid(cf156ab202bb1584e8868ec68bd34aba) Importer(815301076,1909f56bfc062723c751e8b465ee728b)  -> (artifact id: '00000000000000000000000000000000') in 0.000773 seconds
Import Error Code:(4)
Message: Build asset version error: assets/scripts/managers/menumanager.cs in SourceAssetDB has modification time of '2024-11-14T20:15:51.4874238Z' while content on disk has modification time of '2024-11-14T20:16:21.1910655Z'
  ERROR: Build asset version error: assets/scripts/managers/menumanager.cs in SourceAssetDB has modification time of '2024-11-14T20:15:51.4874238Z' while content on disk has modification time of '2024-11-14T20:16:21.1910655Z'
Number of updated asset objects reloaded before import = 0
Number of asset objects unloaded after import = 0
========================================================================
Received Import Request.
  Time since last request: 0.015724 seconds.
  path: Assets/Scripts/Managers/MenuManager.cs
  artifactKey: Guid(cf156ab202bb1584e8868ec68bd34aba) Importer(815301076,1909f56bfc062723c751e8b465ee728b)
Start importing Assets/Scripts/Managers/MenuManager.cs using Guid(cf156ab202bb1584e8868ec68bd34aba) Importer(815301076,1909f56bfc062723c751e8b465ee728b)  -> (artifact id: '00000000000000000000000000000000') in 0.000743 seconds
Import Error Code:(4)
Message: Build asset version error: assets/scripts/managers/menumanager.cs in SourceAssetDB has modification time of '2024-11-14T20:15:51.4874238Z' while content on disk has modification time of '2024-11-14T20:16:21.1910655Z'
  ERROR: Build asset version error: assets/scripts/managers/menumanager.cs in SourceAssetDB has modification time of '2024-11-14T20:15:51.4874238Z' while content on disk has modification time of '2024-11-14T20:16:21.1910655Z'
Number of updated asset objects reloaded before import = 0
Number of asset objects unloaded after import = 0
========================================================================
Received Import Request.
  Time since last request: 0.016768 seconds.
  path: Assets/Scripts/Managers/MenuManager.cs
  artifactKey: Guid(cf156ab202bb1584e8868ec68bd34aba) Importer(815301076,1909f56bfc062723c751e8b465ee728b)
Start importing Assets/Scripts/Managers/MenuManager.cs using Guid(cf156ab202bb1584e8868ec68bd34aba) Importer(815301076,1909f56bfc062723c751e8b465ee728b)  -> (artifact id: '00000000000000000000000000000000') in 0.000819 seconds
Import Error Code:(4)
Message: Build asset version error: assets/scripts/managers/menumanager.cs in SourceAssetDB has modification time of '2024-11-14T20:15:51.4874238Z' while content on disk has modification time of '2024-11-14T20:16:21.1910655Z'
  ERROR: Build asset version error: assets/scripts/managers/menumanager.cs in SourceAssetDB has modification time of '2024-11-14T20:15:51.4874238Z' while content on disk has modification time of '2024-11-14T20:16:21.1910655Z'
Number of updated asset objects reloaded before import = 0
Number of asset objects unloaded after import = 0
========================================================================
Received Import Request.
  Time since last request: 0.018677 seconds.
  path: Assets/Scripts/Managers/MenuManager.cs
  artifactKey: Guid(cf156ab202bb1584e8868ec68bd34aba) Importer(815301076,1909f56bfc062723c751e8b465ee728b)
Start importing Assets/Scripts/Managers/MenuManager.cs using Guid(cf156ab202bb1584e8868ec68bd34aba) Importer(815301076,1909f56bfc062723c751e8b465ee728b)  -> (artifact id: '00000000000000000000000000000000') in 0.000673 seconds
Import Error Code:(4)
Message: Build asset version error: assets/scripts/managers/menumanager.cs in SourceAssetDB has modification time of '2024-11-14T20:15:51.4874238Z' while content on disk has modification time of '2024-11-14T20:16:21.1910655Z'
  ERROR: Build asset version error: assets/scripts/managers/menumanager.cs in SourceAssetDB has modification time of '2024-11-14T20:15:51.4874238Z' while content on disk has modification time of '2024-11-14T20:16:21.1910655Z'
Number of updated asset objects reloaded before import = 0
Number of asset objects unloaded after import = 0
========================================================================
Received Import Request.
  Time since last request: 0.015582 seconds.
  path: Assets/Scripts/Managers/MenuManager.cs
  artifactKey: Guid(cf156ab202bb1584e8868ec68bd34aba) Importer(815301076,1909f56bfc062723c751e8b465ee728b)
Start importing Assets/Scripts/Managers/MenuManager.cs using Guid(cf156ab202bb1584e8868ec68bd34aba) Importer(815301076,1909f56bfc062723c751e8b465ee728b)  -> (artifact id: '00000000000000000000000000000000') in 0.000644 seconds
Import Error Code:(4)
Message: Build asset version error: assets/scripts/managers/menumanager.cs in SourceAssetDB has modification time of '2024-11-14T20:15:51.4874238Z' while content on disk has modification time of '2024-11-14T20:16:21.1910655Z'
  ERROR: Build asset version error: assets/scripts/managers/menumanager.cs in SourceAssetDB has modification time of '2024-11-14T20:15:51.4874238Z' while content on disk has modification time of '2024-11-14T20:16:21.1910655Z'
Number of updated asset objects reloaded before import = 0
Number of asset objects unloaded after import = 0
========================================================================
Received Import Request.
  Time since last request: 0.020558 seconds.
  path: Assets/Scripts/Managers/MenuManager.cs
  artifactKey: Guid(cf156ab202bb1584e8868ec68bd34aba) Importer(815301076,1909f56bfc062723c751e8b465ee728b)
Start importing Assets/Scripts/Managers/MenuManager.cs using Guid(cf156ab202bb1584e8868ec68bd34aba) Importer(815301076,1909f56bfc062723c751e8b465ee728b)  -> (artifact id: '00000000000000000000000000000000') in 0.000890 seconds
Import Error Code:(4)
Message: Build asset version error: assets/scripts/managers/menumanager.cs in SourceAssetDB has modification time of '2024-11-14T20:15:51.4874238Z' while content on disk has modification time of '2024-11-14T20:16:21.1910655Z'
  ERROR: Build asset version error: assets/scripts/managers/menumanager.cs in SourceAssetDB has modification time of '2024-11-14T20:15:51.4874238Z' while content on disk has modification time of '2024-11-14T20:16:21.1910655Z'
Number of updated asset objects reloaded before import = 0
Number of asset objects unloaded after import = 0
========================================================================
Received Import Request.
  Time since last request: 0.017300 seconds.
  path: Assets/Scripts/Managers/MenuManager.cs
  artifactKey: Guid(cf156ab202bb1584e8868ec68bd34aba) Importer(815301076,1909f56bfc062723c751e8b465ee728b)
Start importing Assets/Scripts/Managers/MenuManager.cs using Guid(cf156ab202bb1584e8868ec68bd34aba) Importer(815301076,1909f56bfc062723c751e8b465ee728b)  -> (artifact id: '00000000000000000000000000000000') in 0.000876 seconds
Import Error Code:(4)
Message: Build asset version error: assets/scripts/managers/menumanager.cs in SourceAssetDB has modification time of '2024-11-14T20:15:51.4874238Z' while content on disk has modification time of '2024-11-14T20:16:21.1910655Z'
  ERROR: Build asset version error: assets/scripts/managers/menumanager.cs in SourceAssetDB has modification time of '2024-11-14T20:15:51.4874238Z' while content on disk has modification time of '2024-11-14T20:16:21.1910655Z'
Number of updated asset objects reloaded before import = 0
Number of asset objects unloaded after import = 0
========================================================================
Received Import Request.
  Time since last request: 0.015223 seconds.
  path: Assets/Scripts/Managers/MenuManager.cs
  artifactKey: Guid(cf156ab202bb1584e8868ec68bd34aba) Importer(815301076,1909f56bfc062723c751e8b465ee728b)
Start importing Assets/Scripts/Managers/MenuManager.cs using Guid(cf156ab202bb1584e8868ec68bd34aba) Importer(815301076,1909f56bfc062723c751e8b465ee728b)  -> (artifact id: '00000000000000000000000000000000') in 0.001011 seconds
Import Error Code:(4)
Message: Build asset version error: assets/scripts/managers/menumanager.cs in SourceAssetDB has modification time of '2024-11-14T20:15:51.4874238Z' while content on disk has modification time of '2024-11-14T20:16:21.1910655Z'
  ERROR: Build asset version error: assets/scripts/managers/menumanager.cs in SourceAssetDB has modification time of '2024-11-14T20:15:51.4874238Z' while content on disk has modification time of '2024-11-14T20:16:21.1910655Z'
Number of updated asset objects reloaded before import = 0
Number of asset objects unloaded after import = 0
========================================================================
Received Import Request.
  Time since last request: 0.014263 seconds.
  path: Assets/Scripts/Managers/MenuManager.cs
  artifactKey: Guid(cf156ab202bb1584e8868ec68bd34aba) Importer(815301076,1909f56bfc062723c751e8b465ee728b)
Start importing Assets/Scripts/Managers/MenuManager.cs using Guid(cf156ab202bb1584e8868ec68bd34aba) Importer(815301076,1909f56bfc062723c751e8b465ee728b)  -> (artifact id: '00000000000000000000000000000000') in 0.000894 seconds
Import Error Code:(4)
Message: Build asset version error: assets/scripts/managers/menumanager.cs in SourceAssetDB has modification time of '2024-11-14T20:15:51.4874238Z' while content on disk has modification time of '2024-11-14T20:16:21.1910655Z'
  ERROR: Build asset version error: assets/scripts/managers/menumanager.cs in SourceAssetDB has modification time of '2024-11-14T20:15:51.4874238Z' while content on disk has modification time of '2024-11-14T20:16:21.1910655Z'
Number of updated asset objects reloaded before import = 0
Number of asset objects unloaded after import = 0
========================================================================
Received Import Request.
  Time since last request: 0.060265 seconds.
  path: Assets/Scripts/Managers/MenuManager.cs
  artifactKey: Guid(cf156ab202bb1584e8868ec68bd34aba) Importer(815301076,1909f56bfc062723c751e8b465ee728b)
Start importing Assets/Scripts/Managers/MenuManager.cs using Guid(cf156ab202bb1584e8868ec68bd34aba) Importer(815301076,1909f56bfc062723c751e8b465ee728b)  -> (artifact id: '00000000000000000000000000000000') in 0.000659 seconds
Import Error Code:(4)
Message: Build asset version error: assets/scripts/managers/menumanager.cs in SourceAssetDB has modification time of '2024-11-14T20:15:51.4874238Z' while content on disk has modification time of '2024-11-14T20:16:21.1910655Z'
  ERROR: Build asset version error: assets/scripts/managers/menumanager.cs in SourceAssetDB has modification time of '2024-11-14T20:15:51.4874238Z' while content on disk has modification time of '2024-11-14T20:16:21.1910655Z'
Number of updated asset objects reloaded before import = 0
Number of asset objects unloaded after import = 0
========================================================================
Received Import Request.
  Time since last request: 0.018568 seconds.
  path: Assets/Scripts/Managers/MenuManager.cs
  artifactKey: Guid(cf156ab202bb1584e8868ec68bd34aba) Importer(815301076,1909f56bfc062723c751e8b465ee728b)
Start importing Assets/Scripts/Managers/MenuManager.cs using Guid(cf156ab202bb1584e8868ec68bd34aba) Importer(815301076,1909f56bfc062723c751e8b465ee728b)  -> (artifact id: '00000000000000000000000000000000') in 0.000663 seconds
Import Error Code:(4)
Message: Build asset version error: assets/scripts/managers/menumanager.cs in SourceAssetDB has modification time of '2024-11-14T20:15:51.4874238Z' while content on disk has modification time of '2024-11-14T20:16:21.1910655Z'
  ERROR: Build asset version error: assets/scripts/managers/menumanager.cs in SourceAssetDB has modification time of '2024-11-14T20:15:51.4874238Z' while content on disk has modification time of '2024-11-14T20:16:21.1910655Z'
Number of updated asset objects reloaded before import = 0
Number of asset objects unloaded after import = 0
========================================================================
Received Import Request.
  Time since last request: 0.023380 seconds.
  path: Assets/Scripts/Managers/MenuManager.cs
  artifactKey: Guid(cf156ab202bb1584e8868ec68bd34aba) Importer(815301076,1909f56bfc062723c751e8b465ee728b)
Start importing Assets/Scripts/Managers/MenuManager.cs using Guid(cf156ab202bb1584e8868ec68bd34aba) Importer(815301076,1909f56bfc062723c751e8b465ee728b)  -> (artifact id: '00000000000000000000000000000000') in 0.000854 seconds
Import Error Code:(4)
Message: Build asset version error: assets/scripts/managers/menumanager.cs in SourceAssetDB has modification time of '2024-11-14T20:15:51.4874238Z' while content on disk has modification time of '2024-11-14T20:16:21.1910655Z'
  ERROR: Build asset version error: assets/scripts/managers/menumanager.cs in SourceAssetDB has modification time of '2024-11-14T20:15:51.4874238Z' while content on disk has modification time of '2024-11-14T20:16:21.1910655Z'
Number of updated asset objects reloaded before import = 0
Number of asset objects unloaded after import = 0
========================================================================
Received Import Request.
  Time since last request: 0.017330 seconds.
  path: Assets/Scripts/Managers/MenuManager.cs
  artifactKey: Guid(cf156ab202bb1584e8868ec68bd34aba) Importer(815301076,1909f56bfc062723c751e8b465ee728b)
Start importing Assets/Scripts/Managers/MenuManager.cs using Guid(cf156ab202bb1584e8868ec68bd34aba) Importer(815301076,1909f56bfc062723c751e8b465ee728b)  -> (artifact id: '00000000000000000000000000000000') in 0.000605 seconds
Import Error Code:(4)
Message: Build asset version error: assets/scripts/managers/menumanager.cs in SourceAssetDB has modification time of '2024-11-14T20:15:51.4874238Z' while content on disk has modification time of '2024-11-14T20:16:21.1910655Z'
  ERROR: Build asset version error: assets/scripts/managers/menumanager.cs in SourceAssetDB has modification time of '2024-11-14T20:15:51.4874238Z' while content on disk has modification time of '2024-11-14T20:16:21.1910655Z'
Number of updated asset objects reloaded before import = 0
Number of asset objects unloaded after import = 0
========================================================================
Received Import Request.
  Time since last request: 0.015274 seconds.
  path: Assets/Scripts/Managers/MenuManager.cs
  artifactKey: Guid(cf156ab202bb1584e8868ec68bd34aba) Importer(815301076,1909f56bfc062723c751e8b465ee728b)
Start importing Assets/Scripts/Managers/MenuManager.cs using Guid(cf156ab202bb1584e8868ec68bd34aba) Importer(815301076,1909f56bfc062723c751e8b465ee728b)  -> (artifact id: '00000000000000000000000000000000') in 0.000556 seconds
Import Error Code:(4)
Message: Build asset version error: assets/scripts/managers/menumanager.cs in SourceAssetDB has modification time of '2024-11-14T20:15:51.4874238Z' while content on disk has modification time of '2024-11-14T20:16:21.1910655Z'
  ERROR: Build asset version error: assets/scripts/managers/menumanager.cs in SourceAssetDB has modification time of '2024-11-14T20:15:51.4874238Z' while content on disk has modification time of '2024-11-14T20:16:21.1910655Z'
Number of updated asset objects reloaded before import = 0
Number of asset objects unloaded after import = 0
========================================================================
Received Import Request.
  Time since last request: 0.015194 seconds.
  path: Assets/Scripts/Managers/MenuManager.cs
  artifactKey: Guid(cf156ab202bb1584e8868ec68bd34aba) Importer(815301076,1909f56bfc062723c751e8b465ee728b)
Start importing Assets/Scripts/Managers/MenuManager.cs using Guid(cf156ab202bb1584e8868ec68bd34aba) Importer(815301076,1909f56bfc062723c751e8b465ee728b)  -> (artifact id: '00000000000000000000000000000000') in 0.000601 seconds
Import Error Code:(4)
Message: Build asset version error: assets/scripts/managers/menumanager.cs in SourceAssetDB has modification time of '2024-11-14T20:15:51.4874238Z' while content on disk has modification time of '2024-11-14T20:16:21.1910655Z'
  ERROR: Build asset version error: assets/scripts/managers/menumanager.cs in SourceAssetDB has modification time of '2024-11-14T20:15:51.4874238Z' while content on disk has modification time of '2024-11-14T20:16:21.1910655Z'
Number of updated asset objects reloaded before import = 0
Number of asset objects unloaded after import = 0
========================================================================
Received Import Request.
  Time since last request: 0.017569 seconds.
  path: Assets/Scripts/Managers/MenuManager.cs
  artifactKey: Guid(cf156ab202bb1584e8868ec68bd34aba) Importer(815301076,1909f56bfc062723c751e8b465ee728b)
Start importing Assets/Scripts/Managers/MenuManager.cs using Guid(cf156ab202bb1584e8868ec68bd34aba) Importer(815301076,1909f56bfc062723c751e8b465ee728b)  -> (artifact id: '00000000000000000000000000000000') in 0.000952 seconds
Import Error Code:(4)
Message: Build asset version error: assets/scripts/managers/menumanager.cs in SourceAssetDB has modification time of '2024-11-14T20:15:51.4874238Z' while content on disk has modification time of '2024-11-14T20:16:21.1910655Z'
  ERROR: Build asset version error: assets/scripts/managers/menumanager.cs in SourceAssetDB has modification time of '2024-11-14T20:15:51.4874238Z' while content on disk has modification time of '2024-11-14T20:16:21.1910655Z'
Number of updated asset objects reloaded before import = 0
Number of asset objects unloaded after import = 0
========================================================================
Received Import Request.
  Time since last request: 0.018717 seconds.
  path: Assets/Scripts/Managers/MenuManager.cs
  artifactKey: Guid(cf156ab202bb1584e8868ec68bd34aba) Importer(815301076,1909f56bfc062723c751e8b465ee728b)
Start importing Assets/Scripts/Managers/MenuManager.cs using Guid(cf156ab202bb1584e8868ec68bd34aba) Importer(815301076,1909f56bfc062723c751e8b465ee728b)  -> (artifact id: '00000000000000000000000000000000') in 0.000563 seconds
Import Error Code:(4)
Message: Build asset version error: assets/scripts/managers/menumanager.cs in SourceAssetDB has modification time of '2024-11-14T20:15:51.4874238Z' while content on disk has modification time of '2024-11-14T20:16:21.1910655Z'
  ERROR: Build asset version error: assets/scripts/managers/menumanager.cs in SourceAssetDB has modification time of '2024-11-14T20:15:51.4874238Z' while content on disk has modification time of '2024-11-14T20:16:21.1910655Z'
Number of updated asset objects reloaded before import = 0
Number of asset objects unloaded after import = 0
========================================================================
Received Import Request.
  Time since last request: 0.016632 seconds.
  path: Assets/Scripts/Managers/MenuManager.cs
  artifactKey: Guid(cf156ab202bb1584e8868ec68bd34aba) Importer(815301076,1909f56bfc062723c751e8b465ee728b)
Start importing Assets/Scripts/Managers/MenuManager.cs using Guid(cf156ab202bb1584e8868ec68bd34aba) Importer(815301076,1909f56bfc062723c751e8b465ee728b)  -> (artifact id: '00000000000000000000000000000000') in 0.000822 seconds
Import Error Code:(4)
Message: Build asset version error: assets/scripts/managers/menumanager.cs in SourceAssetDB has modification time of '2024-11-14T20:15:51.4874238Z' while content on disk has modification time of '2024-11-14T20:16:21.1910655Z'
  ERROR: Build asset version error: assets/scripts/managers/menumanager.cs in SourceAssetDB has modification time of '2024-11-14T20:15:51.4874238Z' while content on disk has modification time of '2024-11-14T20:16:21.1910655Z'
Number of updated asset objects reloaded before import = 0
Number of asset objects unloaded after import = 0
========================================================================
Received Import Request.
  Time since last request: 0.014876 seconds.
  path: Assets/Scripts/Managers/MenuManager.cs
  artifactKey: Guid(cf156ab202bb1584e8868ec68bd34aba) Importer(815301076,1909f56bfc062723c751e8b465ee728b)
Start importing Assets/Scripts/Managers/MenuManager.cs using Guid(cf156ab202bb1584e8868ec68bd34aba) Importer(815301076,1909f56bfc062723c751e8b465ee728b)  -> (artifact id: '00000000000000000000000000000000') in 0.000806 seconds
Import Error Code:(4)
Message: Build asset version error: assets/scripts/managers/menumanager.cs in SourceAssetDB has modification time of '2024-11-14T20:15:51.4874238Z' while content on disk has modification time of '2024-11-14T20:16:21.1910655Z'
  ERROR: Build asset version error: assets/scripts/managers/menumanager.cs in SourceAssetDB has modification time of '2024-11-14T20:15:51.4874238Z' while content on disk has modification time of '2024-11-14T20:16:21.1910655Z'
Number of updated asset objects reloaded before import = 0
Number of asset objects unloaded after import = 0
========================================================================
Received Import Request.
  Time since last request: 0.017306 seconds.
  path: Assets/Scripts/Managers/MenuManager.cs
  artifactKey: Guid(cf156ab202bb1584e8868ec68bd34aba) Importer(815301076,1909f56bfc062723c751e8b465ee728b)
Start importing Assets/Scripts/Managers/MenuManager.cs using Guid(cf156ab202bb1584e8868ec68bd34aba) Importer(815301076,1909f56bfc062723c751e8b465ee728b)  -> (artifact id: '00000000000000000000000000000000') in 0.000568 seconds
Import Error Code:(4)
Message: Build asset version error: assets/scripts/managers/menumanager.cs in SourceAssetDB has modification time of '2024-11-14T20:15:51.4874238Z' while content on disk has modification time of '2024-11-14T20:16:21.1910655Z'
  ERROR: Build asset version error: assets/scripts/managers/menumanager.cs in SourceAssetDB has modification time of '2024-11-14T20:15:51.4874238Z' while content on disk has modification time of '2024-11-14T20:16:21.1910655Z'
Number of updated asset objects reloaded before import = 0
Number of asset objects unloaded after import = 0
========================================================================
Received Import Request.
  Time since last request: 0.014594 seconds.
  path: Assets/Scripts/Managers/MenuManager.cs
  artifactKey: Guid(cf156ab202bb1584e8868ec68bd34aba) Importer(815301076,1909f56bfc062723c751e8b465ee728b)
Start importing Assets/Scripts/Managers/MenuManager.cs using Guid(cf156ab202bb1584e8868ec68bd34aba) Importer(815301076,1909f56bfc062723c751e8b465ee728b)  -> (artifact id: '00000000000000000000000000000000') in 0.000565 seconds
Import Error Code:(4)
Message: Build asset version error: assets/scripts/managers/menumanager.cs in SourceAssetDB has modification time of '2024-11-14T20:15:51.4874238Z' while content on disk has modification time of '2024-11-14T20:16:21.1910655Z'
  ERROR: Build asset version error: assets/scripts/managers/menumanager.cs in SourceAssetDB has modification time of '2024-11-14T20:15:51.4874238Z' while content on disk has modification time of '2024-11-14T20:16:21.1910655Z'
Number of updated asset objects reloaded before import = 0
Number of asset objects unloaded after import = 0
========================================================================
Received Import Request.
  Time since last request: 0.013047 seconds.
  path: Assets/Scripts/Managers/MenuManager.cs
  artifactKey: Guid(cf156ab202bb1584e8868ec68bd34aba) Importer(815301076,1909f56bfc062723c751e8b465ee728b)
Start importing Assets/Scripts/Managers/MenuManager.cs using Guid(cf156ab202bb1584e8868ec68bd34aba) Importer(815301076,1909f56bfc062723c751e8b465ee728b)  -> (artifact id: '00000000000000000000000000000000') in 0.000590 seconds
Import Error Code:(4)
Message: Build asset version error: assets/scripts/managers/menumanager.cs in SourceAssetDB has modification time of '2024-11-14T20:15:51.4874238Z' while content on disk has modification time of '2024-11-14T20:16:21.1910655Z'
  ERROR: Build asset version error: assets/scripts/managers/menumanager.cs in SourceAssetDB has modification time of '2024-11-14T20:15:51.4874238Z' while content on disk has modification time of '2024-11-14T20:16:21.1910655Z'
Number of updated asset objects reloaded before import = 0
Number of asset objects unloaded after import = 0
========================================================================
Received Import Request.
  Time since last request: 0.014075 seconds.
  path: Assets/Scripts/Managers/MenuManager.cs
  artifactKey: Guid(cf156ab202bb1584e8868ec68bd34aba) Importer(815301076,1909f56bfc062723c751e8b465ee728b)
Start importing Assets/Scripts/Managers/MenuManager.cs using Guid(cf156ab202bb1584e8868ec68bd34aba) Importer(815301076,1909f56bfc062723c751e8b465ee728b)  -> (artifact id: '00000000000000000000000000000000') in 0.000575 seconds
Import Error Code:(4)
Message: Build asset version error: assets/scripts/managers/menumanager.cs in SourceAssetDB has modification time of '2024-11-14T20:15:51.4874238Z' while content on disk has modification time of '2024-11-14T20:16:21.1910655Z'
  ERROR: Build asset version error: assets/scripts/managers/menumanager.cs in SourceAssetDB has modification time of '2024-11-14T20:15:51.4874238Z' while content on disk has modification time of '2024-11-14T20:16:21.1910655Z'
Number of updated asset objects reloaded before import = 0
Number of asset objects unloaded after import = 0
========================================================================
Received Import Request.
  Time since last request: 0.012863 seconds.
  path: Assets/Scripts/Managers/MenuManager.cs
  artifactKey: Guid(cf156ab202bb1584e8868ec68bd34aba) Importer(815301076,1909f56bfc062723c751e8b465ee728b)
Start importing Assets/Scripts/Managers/MenuManager.cs using Guid(cf156ab202bb1584e8868ec68bd34aba) Importer(815301076,1909f56bfc062723c751e8b465ee728b)  -> (artifact id: '00000000000000000000000000000000') in 0.000560 seconds
Import Error Code:(4)
Message: Build asset version error: assets/scripts/managers/menumanager.cs in SourceAssetDB has modification time of '2024-11-14T20:15:51.4874238Z' while content on disk has modification time of '2024-11-14T20:16:21.1910655Z'
  ERROR: Build asset version error: assets/scripts/managers/menumanager.cs in SourceAssetDB has modification time of '2024-11-14T20:15:51.4874238Z' while content on disk has modification time of '2024-11-14T20:16:21.1910655Z'
Number of updated asset objects reloaded before import = 0
Number of asset objects unloaded after import = 0
========================================================================
Received Import Request.
  Time since last request: 0.015610 seconds.
  path: Assets/Scripts/Managers/MenuManager.cs
  artifactKey: Guid(cf156ab202bb1584e8868ec68bd34aba) Importer(815301076,1909f56bfc062723c751e8b465ee728b)
Start importing Assets/Scripts/Managers/MenuManager.cs using Guid(cf156ab202bb1584e8868ec68bd34aba) Importer(815301076,1909f56bfc062723c751e8b465ee728b)  -> (artifact id: '00000000000000000000000000000000') in 0.000550 seconds
Import Error Code:(4)
Message: Build asset version error: assets/scripts/managers/menumanager.cs in SourceAssetDB has modification time of '2024-11-14T20:15:51.4874238Z' while content on disk has modification time of '2024-11-14T20:16:21.1910655Z'
  ERROR: Build asset version error: assets/scripts/managers/menumanager.cs in SourceAssetDB has modification time of '2024-11-14T20:15:51.4874238Z' while content on disk has modification time of '2024-11-14T20:16:21.1910655Z'
Number of updated asset objects reloaded before import = 0
Number of asset objects unloaded after import = 0
========================================================================
Received Import Request.
  Time since last request: 0.012835 seconds.
  path: Assets/Scripts/Managers/MenuManager.cs
  artifactKey: Guid(cf156ab202bb1584e8868ec68bd34aba) Importer(815301076,1909f56bfc062723c751e8b465ee728b)
Start importing Assets/Scripts/Managers/MenuManager.cs using Guid(cf156ab202bb1584e8868ec68bd34aba) Importer(815301076,1909f56bfc062723c751e8b465ee728b)  -> (artifact id: '00000000000000000000000000000000') in 0.000880 seconds
Import Error Code:(4)
Message: Build asset version error: assets/scripts/managers/menumanager.cs in SourceAssetDB has modification time of '2024-11-14T20:15:51.4874238Z' while content on disk has modification time of '2024-11-14T20:16:21.1910655Z'
  ERROR: Build asset version error: assets/scripts/managers/menumanager.cs in SourceAssetDB has modification time of '2024-11-14T20:15:51.4874238Z' while content on disk has modification time of '2024-11-14T20:16:21.1910655Z'
Number of updated asset objects reloaded before import = 0
Number of asset objects unloaded after import = 0
========================================================================
Received Import Request.
  Time since last request: 0.013430 seconds.
  path: Assets/Scripts/Managers/MenuManager.cs
  artifactKey: Guid(cf156ab202bb1584e8868ec68bd34aba) Importer(815301076,1909f56bfc062723c751e8b465ee728b)
Start importing Assets/Scripts/Managers/MenuManager.cs using Guid(cf156ab202bb1584e8868ec68bd34aba) Importer(815301076,1909f56bfc062723c751e8b465ee728b)  -> (artifact id: '00000000000000000000000000000000') in 0.000554 seconds
Import Error Code:(4)
Message: Build asset version error: assets/scripts/managers/menumanager.cs in SourceAssetDB has modification time of '2024-11-14T20:15:51.4874238Z' while content on disk has modification time of '2024-11-14T20:16:21.1910655Z'
  ERROR: Build asset version error: assets/scripts/managers/menumanager.cs in SourceAssetDB has modification time of '2024-11-14T20:15:51.4874238Z' while content on disk has modification time of '2024-11-14T20:16:21.1910655Z'
Number of updated asset objects reloaded before import = 0
Number of asset objects unloaded after import = 0
========================================================================
Received Import Request.
  Time since last request: 0.012613 seconds.
  path: Assets/Scripts/Managers/MenuManager.cs
  artifactKey: Guid(cf156ab202bb1584e8868ec68bd34aba) Importer(815301076,1909f56bfc062723c751e8b465ee728b)
Start importing Assets/Scripts/Managers/MenuManager.cs using Guid(cf156ab202bb1584e8868ec68bd34aba) Importer(815301076,1909f56bfc062723c751e8b465ee728b)  -> (artifact id: '00000000000000000000000000000000') in 0.000572 seconds
Import Error Code:(4)
Message: Build asset version error: assets/scripts/managers/menumanager.cs in SourceAssetDB has modification time of '2024-11-14T20:15:51.4874238Z' while content on disk has modification time of '2024-11-14T20:16:21.1910655Z'
  ERROR: Build asset version error: assets/scripts/managers/menumanager.cs in SourceAssetDB has modification time of '2024-11-14T20:15:51.4874238Z' while content on disk has modification time of '2024-11-14T20:16:21.1910655Z'
Number of updated asset objects reloaded before import = 0
Number of asset objects unloaded after import = 0
========================================================================
Received Import Request.
  Time since last request: 0.012955 seconds.
  path: Assets/Scripts/Managers/MenuManager.cs
  artifactKey: Guid(cf156ab202bb1584e8868ec68bd34aba) Importer(815301076,1909f56bfc062723c751e8b465ee728b)
Start importing Assets/Scripts/Managers/MenuManager.cs using Guid(cf156ab202bb1584e8868ec68bd34aba) Importer(815301076,1909f56bfc062723c751e8b465ee728b)  -> (artifact id: '00000000000000000000000000000000') in 0.000575 seconds
Import Error Code:(4)
Message: Build asset version error: assets/scripts/managers/menumanager.cs in SourceAssetDB has modification time of '2024-11-14T20:15:51.4874238Z' while content on disk has modification time of '2024-11-14T20:16:21.1910655Z'
  ERROR: Build asset version error: assets/scripts/managers/menumanager.cs in SourceAssetDB has modification time of '2024-11-14T20:15:51.4874238Z' while content on disk has modification time of '2024-11-14T20:16:21.1910655Z'
Number of updated asset objects reloaded before import = 0
Number of asset objects unloaded after import = 0
========================================================================
Received Import Request.
  Time since last request: 0.016535 seconds.
  path: Assets/Scripts/Managers/MenuManager.cs
  artifactKey: Guid(cf156ab202bb1584e8868ec68bd34aba) Importer(815301076,1909f56bfc062723c751e8b465ee728b)
Start importing Assets/Scripts/Managers/MenuManager.cs using Guid(cf156ab202bb1584e8868ec68bd34aba) Importer(815301076,1909f56bfc062723c751e8b465ee728b)  -> (artifact id: '00000000000000000000000000000000') in 0.000904 seconds
Import Error Code:(4)
Message: Build asset version error: assets/scripts/managers/menumanager.cs in SourceAssetDB has modification time of '2024-11-14T20:15:51.4874238Z' while content on disk has modification time of '2024-11-14T20:16:21.1910655Z'
  ERROR: Build asset version error: assets/scripts/managers/menumanager.cs in SourceAssetDB has modification time of '2024-11-14T20:15:51.4874238Z' while content on disk has modification time of '2024-11-14T20:16:21.1910655Z'
Number of updated asset objects reloaded before import = 0
Number of asset objects unloaded after import = 0
========================================================================
Received Prepare
Begin MonoManager ReloadAssembly
- Loaded All Assemblies, in  0.941 seconds
Refreshing native plugins compatible for Editor in 6.27 ms, found 4 plugins.
Native extension for WindowsStandalone target not found
Native extension for WebGL target not found
[Package Manager] Server::EnsureServerProcessIsRunning -- launch failed, reason: Unity was launched with the -noUpm command-line argument
[Package Manager] UpmClient::Send -- Unable to send message (not connected to UPM process).
[Package Manager] Cannot connect to Unity Package Manager local server
Mono: successfully reloaded assembly
- Finished resetting the current domain, in  1.755 seconds
Domain Reload Profiling: 2689ms
	BeginReloadAssembly (307ms)
		ExecutionOrderSort (0ms)
		DisableScriptedObjects (22ms)
		BackupInstance (0ms)
		ReleaseScriptingObjects (0ms)
		CreateAndSetChildDomain (71ms)
	RebuildCommonClasses (70ms)
	RebuildNativeTypeToScriptingClass (25ms)
	initialDomainReloadingComplete (56ms)
	LoadAllAssembliesAndSetupDomain (475ms)
		LoadAssemblies (575ms)
		RebuildTransferFunctionScriptingTraits (0ms)
		AnalyzeDomain (62ms)
			TypeCache.Refresh (16ms)
				TypeCache.ScanAssembly (1ms)
			ScanForSourceGeneratedMonoScriptInfo (32ms)
			ResolveRequiredComponents (11ms)
	FinalizeReload (1756ms)
		ReleaseScriptCaches (0ms)
		RebuildScriptCaches (0ms)
		SetupLoadedEditorAssemblies (801ms)
			LogAssemblyErrors (0ms)
			InitializePlatformSupportModulesInManaged (16ms)
			SetLoadedEditorAssemblies (6ms)
			RefreshPlugins (0ms)
			BeforeProcessingInitializeOnLoad (140ms)
			ProcessInitializeOnLoadAttributes (561ms)
			ProcessInitializeOnLoadMethodAttributes (58ms)
			AfterProcessingInitializeOnLoad (20ms)
			EditorAssembliesLoaded (0ms)
		ExecutionOrderSort2 (0ms)
		AwakeInstancesAfterBackupRestoration (22ms)
Refreshing native plugins compatible for Editor in 6.93 ms, found 4 plugins.
Preloading 0 native plugins for Editor in 0.00 ms.
Unloading 4563 Unused Serialized files (Serialized files now loaded: 0)
Unloading 43 unused Assets / (172.2 KB). Loaded Objects now: 5053.
Memory consumption went from 158.2 MB to 158.0 MB.
Total: 5.784300 ms (FindLiveObjects: 0.522000 ms CreateObjectMapping: 0.416300 ms MarkObjects: 4.569500 ms  DeleteObjects: 0.275200 ms)

Prepare: number of updated asset objects reloaded= 0
AssetImportParameters requested are different than current active one (requested -> active):
  custom:container-demuxer-ogg: 62fdf1f143b41e24485cea50d1cbac27 -> 
  custom:video-decoder-ogg-theora: a1e56fd34408186e4bbccfd4996cb3dc -> 
  custom:framework-win-MediaFoundation: 216162199b28c13a410421893ffa2e32 -> 
  custom:CustomObjectIndexerAttribute: 756ad292c208cfabdd7b50bc23989ffe -> 
  custom:container-demuxer-webm: 4f35f7cbe854078d1ac9338744f61a02 -> 
  custom:container-muxer-webm: aa71ff27fc2769a1b78a27578f13a17b -> 
  custom:video-decoder-webm-vp8: 9c59270c3fd7afecdb556c50c9e8de78 -> 
  custom:SearchIndexIgnoredProperties: e643bd26f0fe6173181afceb89e7c659 -> 
  custom:AudioImporter_EditorPlatform: d09bf68614088b80899f8185d706f6e7 -> 
  custom:video-encoder-webm-vp8: eb34c28f22e8b96e1ab97ce403110664 -> 
  custom:audio-decoder-ogg-vorbis: bf7c407c2cedff20999df2af8eb42d56 -> 
  custom:audio-encoder-webm-vorbis: bf7c407c2cedff20999df2af8eb42d56 -> 
========================================================================
Received Prepare
Begin MonoManager ReloadAssembly
- Loaded All Assemblies, in  0.929 seconds
Refreshing native plugins compatible for Editor in 6.59 ms, found 4 plugins.
Native extension for WindowsStandalone target not found
Native extension for WebGL target not found
[Package Manager] Server::EnsureServerProcessIsRunning -- launch failed, reason: Unity was launched with the -noUpm command-line argument
[Package Manager] UpmClient::Send -- Unable to send message (not connected to UPM process).
[Package Manager] Cannot connect to Unity Package Manager local server
Mono: successfully reloaded assembly
- Finished resetting the current domain, in  1.912 seconds
Domain Reload Profiling: 2834ms
	BeginReloadAssembly (291ms)
		ExecutionOrderSort (0ms)
		DisableScriptedObjects (20ms)
		BackupInstance (0ms)
		ReleaseScriptingObjects (0ms)
		CreateAndSetChildDomain (67ms)
	RebuildCommonClasses (75ms)
	RebuildNativeTypeToScriptingClass (29ms)
	initialDomainReloadingComplete (65ms)
	LoadAllAssembliesAndSetupDomain (461ms)
		LoadAssemblies (586ms)
		RebuildTransferFunctionScriptingTraits (0ms)
		AnalyzeDomain (32ms)
			TypeCache.Refresh (12ms)
				TypeCache.ScanAssembly (0ms)
			ScanForSourceGeneratedMonoScriptInfo (0ms)
			ResolveRequiredComponents (18ms)
	FinalizeReload (1912ms)
		ReleaseScriptCaches (0ms)
		RebuildScriptCaches (0ms)
		SetupLoadedEditorAssemblies (988ms)
			LogAssemblyErrors (0ms)
			InitializePlatformSupportModulesInManaged (15ms)
			SetLoadedEditorAssemblies (6ms)
			RefreshPlugins (0ms)
			BeforeProcessingInitializeOnLoad (143ms)
			ProcessInitializeOnLoadAttributes (710ms)
			ProcessInitializeOnLoadMethodAttributes (84ms)
			AfterProcessingInitializeOnLoad (29ms)
			EditorAssembliesLoaded (1ms)
		ExecutionOrderSort2 (0ms)
		AwakeInstancesAfterBackupRestoration (43ms)
Refreshing native plugins compatible for Editor in 10.30 ms, found 4 plugins.
Preloading 0 native plugins for Editor in 0.00 ms.
Unloading 4564 Unused Serialized files (Serialized files now loaded: 0)
Unloading 43 unused Assets / (172.1 KB). Loaded Objects now: 5057.
Memory consumption went from 160.4 MB to 160.2 MB.
Total: 7.313200 ms (FindLiveObjects: 0.712300 ms CreateObjectMapping: 0.487200 ms MarkObjects: 5.796900 ms  DeleteObjects: 0.314700 ms)

Prepare: number of updated asset objects reloaded= 0
AssetImportParameters requested are different than current active one (requested -> active):
  custom:container-demuxer-ogg: 62fdf1f143b41e24485cea50d1cbac27 -> 
  custom:video-decoder-ogg-theora: a1e56fd34408186e4bbccfd4996cb3dc -> 
  custom:framework-win-MediaFoundation: 216162199b28c13a410421893ffa2e32 -> 
  custom:CustomObjectIndexerAttribute: 756ad292c208cfabdd7b50bc23989ffe -> 
  custom:container-demuxer-webm: 4f35f7cbe854078d1ac9338744f61a02 -> 
  custom:container-muxer-webm: aa71ff27fc2769a1b78a27578f13a17b -> 
  custom:video-decoder-webm-vp8: 9c59270c3fd7afecdb556c50c9e8de78 -> 
  custom:SearchIndexIgnoredProperties: e643bd26f0fe6173181afceb89e7c659 -> 
  custom:AudioImporter_EditorPlatform: d09bf68614088b80899f8185d706f6e7 -> 
  custom:video-encoder-webm-vp8: eb34c28f22e8b96e1ab97ce403110664 -> 
  custom:audio-decoder-ogg-vorbis: bf7c407c2cedff20999df2af8eb42d56 -> 
  custom:audio-encoder-webm-vorbis: bf7c407c2cedff20999df2af8eb42d56 -> 
========================================================================
Received Prepare
Refreshing native plugins compatible for Editor in 5.81 ms, found 4 plugins.
Preloading 0 native plugins for Editor in 0.00 ms.
Unloading 6 Unused Serialized files (Serialized files now loaded: 0)
Unloading 6 unused Assets / (150.3 KB). Loaded Objects now: 5057.
Memory consumption went from 90.5 MB to 90.4 MB.
Total: 5.447600 ms (FindLiveObjects: 0.499600 ms CreateObjectMapping: 0.224000 ms MarkObjects: 4.482800 ms  DeleteObjects: 0.239700 ms)

Prepare: number of updated asset objects reloaded= 0
AssetImportParameters requested are different than current active one (requested -> active):
  custom:container-demuxer-ogg: 62fdf1f143b41e24485cea50d1cbac27 -> 
  custom:video-decoder-ogg-theora: a1e56fd34408186e4bbccfd4996cb3dc -> 
  custom:framework-win-MediaFoundation: 216162199b28c13a410421893ffa2e32 -> 
  custom:CustomObjectIndexerAttribute: 756ad292c208cfabdd7b50bc23989ffe -> 
  custom:container-demuxer-webm: 4f35f7cbe854078d1ac9338744f61a02 -> 
  custom:container-muxer-webm: aa71ff27fc2769a1b78a27578f13a17b -> 
  custom:video-decoder-webm-vp8: 9c59270c3fd7afecdb556c50c9e8de78 -> 
  custom:SearchIndexIgnoredProperties: e643bd26f0fe6173181afceb89e7c659 -> 
  custom:AudioImporter_EditorPlatform: d09bf68614088b80899f8185d706f6e7 -> 
  custom:video-encoder-webm-vp8: eb34c28f22e8b96e1ab97ce403110664 -> 
  custom:audio-decoder-ogg-vorbis: bf7c407c2cedff20999df2af8eb42d56 -> 
  custom:audio-encoder-webm-vorbis: bf7c407c2cedff20999df2af8eb42d56 -> 
